Build started 04/03/2012 18:16:23.
     1>Project "C:\Users\Victor\Desktop\SE_Sesio1_RenderVideo\SE_Sesio1_RenderVideo\SE_Sesio1_RenderVideo.vcxproj" on node 2 (build target(s)).
     1>InitializeBuildStatus:
         Touching "Debug\SE_Sesio1_RenderVideo.unsuccessfulbuild".
       ClCompile:
         c:\Program Files\Microsoft Visual Studio 10.0\VC\bin\CL.exe /c /ZI /nologo /W3 /WX- /Od /Oy- /D _MBCS /Gm /EHsc /RTC1 /MDd /GS /fp:precise /Zc:wchar_t /Zc:forScope /Fo"Debug\\" /Fd"Debug\vc100.pdb" /Gd /TP /analyze- /errorReport:prompt Main.cpp
         Main.cpp
       ResourceCompile:
         C:\Program Files\Microsoft SDKs\Windows\v7.0A\bin\rc.exe /l"0x0409" /nologo /fo"Debug\SE_Sesio1_RenderVideo.res" SE_Sesio1_RenderVideo.rc 
       Link:
         c:\Program Files\Microsoft Visual Studio 10.0\VC\bin\link.exe /ERRORREPORT:PROMPT /OUT:"C:\Users\Victor\Desktop\SE_Sesio1_RenderVideo\Debug\SE_Sesio1_RenderVideo.exe" /NOLOGO Strmiids.lib Quartz.lib kernel32.lib user32.lib gdi32.lib winspool.lib comdlg32.lib advapi32.lib shell32.lib ole32.lib oleaut32.lib uuid.lib odbc32.lib odbccp32.lib /MANIFEST /ManifestFile:"Debug\SE_Sesio1_RenderVideo.exe.intermediate.manifest" /MANIFESTUAC:"level='asInvoker' uiAccess='false'" /DEBUG /PDB:"C:\Users\Victor\Desktop\SE_Sesio1_RenderVideo\Debug\SE_Sesio1_RenderVideo.pdb" /TLBID:1 /DYNAMICBASE /NXCOMPAT /IMPLIB:"C:\Users\Victor\Desktop\SE_Sesio1_RenderVideo\Debug\SE_Sesio1_RenderVideo.lib" /MACHINE:X86 Debug\SE_Sesio1_RenderVideo.res
         Debug\Main.obj
         LINK : C:\Users\Victor\Desktop\SE_Sesio1_RenderVideo\Debug\SE_Sesio1_RenderVideo.exe not found or not built by the last incremental link; performing full link
         SE_Sesio1_RenderVideo.vcxproj -> C:\Users\Victor\Desktop\SE_Sesio1_RenderVideo\Debug\SE_Sesio1_RenderVideo.exe
       Manifest:
         C:\Program Files\Microsoft SDKs\Windows\v7.0A\bin\mt.exe /nologo /verbose /outputresource:"C:\Users\Victor\Desktop\SE_Sesio1_RenderVideo\Debug\SE_Sesio1_RenderVideo.exe;#1" /manifest Debug\SE_Sesio1_RenderVideo.exe.intermediate.manifest
       FinalizeBuildStatus:
         Deleting file "Debug\SE_Sesio1_RenderVideo.unsuccessfulbuild".
         Touching "Debug\SE_Sesio1_RenderVideo.lastbuildstate".
     1>Done Building Project "C:\Users\Victor\Desktop\SE_Sesio1_RenderVideo\SE_Sesio1_RenderVideo\SE_Sesio1_RenderVideo.vcxproj" (build target(s)).

Build succeeded.

Time Elapsed 00:00:04.27
